2021-11-03 20:18:17,669:WARNING:discord.client: PyNaCl is not installed, voice will NOT be supported
2021-11-03 20:18:17,670:DEBUG:discord.client: on_ready has successfully been registered as an event
2021-11-03 20:18:17,672:INFO:discord.client: logging in using static token
2021-11-03 20:18:17,860:DEBUG:discord.http: GET https://discord.com/api/v7/users/@me with None has returned 200
2021-11-03 20:18:17,860:DEBUG:discord.http: GET https://discord.com/api/v7/users/@me has received {'id': '904356855499878480', 'username': 'RadioBot', 'avatar': '87262b8c54ccd95a3b87144a1be585ab', 'discriminator': '2410', 'public_flags': 0, 'flags': 0, 'bot': True, 'banner': None, 'banner_color': None, 'accent_color': None, 'bio': '', 'locale': 'en-US', 'mfa_enabled': True, 'email': None, 'verified': True}
2021-11-03 20:18:17,882:DEBUG:discord.http: GET https://discord.com/api/v7/gateway with None has returned 200
2021-11-03 20:18:17,882:DEBUG:discord.http: GET https://discord.com/api/v7/gateway has received {'url': 'wss://gateway.discord.gg'}
2021-11-03 20:18:18,001:DEBUG:discord.gateway: Created websocket connected to wss://gateway.discord.gg?encoding=json&v=6&compress=zlib-stream
2021-11-03 20:18:18,002:DEBUG:discord.client: Dispatching event socket_raw_receive
2021-11-03 20:18:18,002:DEBUG:discord.gateway: For Shard ID None: WebSocket Event: {'t': None, 's': None, 'op': 10, 'd': {'heartbeat_interval': 41250, '_trace': ['["gateway-prd-main-9h8w",{"micros":0.0}]']}}
2021-11-03 20:18:18,002:DEBUG:discord.client: Dispatching event socket_response
2021-11-03 20:18:18,002:DEBUG:discord.client: Dispatching event socket_raw_send
2021-11-03 20:18:18,003:DEBUG:discord.client: Dispatching event socket_raw_send
2021-11-03 20:18:18,003:INFO:discord.gateway: Shard ID None has sent the IDENTIFY payload.
2021-11-03 20:18:18,087:DEBUG:discord.client: Dispatching event socket_raw_receive
2021-11-03 20:18:18,087:DEBUG:discord.gateway: For Shard ID None: WebSocket Event: {'t': None, 's': None, 'op': 11, 'd': None}
2021-11-03 20:18:18,087:DEBUG:discord.client: Dispatching event socket_response
2021-11-03 20:18:18,196:DEBUG:discord.client: Dispatching event socket_raw_receive
2021-11-03 20:18:18,196:DEBUG:discord.gateway: For Shard ID None: WebSocket Event: {'t': 'READY', 's': 1, 'op': 0, 'd': {'v': 6, 'user_settings': {}, 'user': {'verified': True, 'username': 'RadioBot', 'mfa_enabled': True, 'id': '904356855499878480', 'flags': 0, 'email': None, 'discriminator': '2410', 'bot': True, 'avatar': '87262b8c54ccd95a3b87144a1be585ab'}, 'session_id': '831c1b59797537e7106df58dc8951364', 'relationships': [], 'private_channels': [], 'presences': [], 'guilds': [{'unavailable': True, 'id': '825120871734706218'}, {'unavailable': True, 'id': '904500307726336010'}], 'guild_join_requests': [], 'geo_ordered_rtc_regions': ['seattle', 'us-west', 'santa-clara', 'us-south', 'us-central'], 'application': {'id': '904356855499878480', 'flags': 262144}, '_trace': ['["gateway-prd-main-9h8w",{"micros":111672,"calls":["discord-sessions-green-prd-2-44",{"micros":110645,"calls":["start_session",{"micros":56381,"calls":["api-prd-main-wnvs",{"micros":51635,"calls":["get_user",{"micros":5979},"add_authorized_ip",{"micros":3219},"get_guilds",{"micros":6719},"coros_wait",{"micros":1}]}]},"guilds_connect",{"micros":2,"calls":[]},"presence_connect",{"micros":7725,"calls":[]}]}]}]']}}
2021-11-03 20:18:18,196:DEBUG:discord.client: Dispatching event socket_response
2021-11-03 20:18:18,197:INFO:discord.gateway: Shard ID None has connected to Gateway: ["gateway-prd-main-9h8w",{"micros":111672,"calls":["discord-sessions-green-prd-2-44",{"micros":110645,"calls":["start_session",{"micros":56381,"calls":["api-prd-main-wnvs",{"micros":51635,"calls":["get_user",{"micros":5979},"add_authorized_ip",{"micros":3219},"get_guilds",{"micros":6719},"coros_wait",{"micros":1}]}]},"guilds_connect",{"micros":2,"calls":[]},"presence_connect",{"micros":7725,"calls":[]}]}]}] (Session ID: 831c1b59797537e7106df58dc8951364).
2021-11-03 20:18:18,226:DEBUG:discord.client: Dispatching event connect
2021-11-03 20:18:18,227:DEBUG:discord.client: Dispatching event socket_raw_receive
2021-11-03 20:18:18,228:DEBUG:discord.gateway: For Shard ID None: WebSocket Event: {'t': 'GUILD_CREATE', 's': 2, 'op': 0, 'd': {'system_channel_flags': 0, 'guild_hashes': {'version': 1, 'roles': {'omitted': False, 'hash': 'gKwWiDNIg2I'}, 'metadata': {'omitted': False, 'hash': 'Co8eav/6wqE'}, 'channels': {'omitted': False, 'hash': 'M5KZkRfB9YM'}}, 'afk_timeout': 300, 'name': 'Team RWM', 'features': [], 'region': 'europe', 'description': None, 'members': [{'user': {'username': 'DuckurFly', 'id': '601451097344704545', 'discriminator': '8963', 'avatar': '55489e8fc2fc4704747ea4e5f1c760fc'}, 'roles': ['851550011875655680', '903462801111126086', '903464945826545744', '902571764687724564', '891691711120687165'], 'premium_since': None, 'pending': False, 'nick': 'Weiss Schnee', 'mute': False, 'joined_at': '2021-03-26T21:35:45.960000+00:00', 'is_pending': False, 'hoisted_role': '891691711120687165', 'deaf': False, 'avatar': None}, {'user': {'username': 'U53RNAM3', 'public_flags': 0, 'id': '384729201544134659', 'discriminator': '4664', 'avatar': 'd41080a429ffa34fb507eddc60f70081'}, 'roles': ['903462801111126086', '903464470377009222', '851550150090686504', '902571764687724564', '891691711120687165'], 'premium_since': None, 'pending': False, 'nick': 'God~', 'mute': False, 'joined_at': '2021-03-26T21:38:33.890000+00:00', 'is_pending': False, 'hoisted_role': '891691711120687165', 'deaf': False, 'avatar': None}, {'user': {'username': 'DuckurFly', 'id': '601451097344704545', 'discriminator': '8963', 'avatar': '55489e8fc2fc4704747ea4e5f1c760fc'}, 'roles': ['851550011875655680', '903462801111126086', '903464945826545744', '902571764687724564', '891691711120687165'], 'premium_since': None, 'pending': False, 'nick': 'Weiss Schnee', 'mute': False, 'joined_at': '2021-03-26T21:35:45.960000+00:00', 'is_pending': False, 'hoisted_role': '891691711120687165', 'deaf': False, 'avatar': None}, {'user': {'username': 'U53RNAM3', 'public_flags': 0, 'id': '384729201544134659', 'discriminator': '4664', 'avatar': 'd41080a429ffa34fb507eddc60f70081'}, 'roles': ['903462801111126086', '903464470377009222', '851550150090686504', '902571764687724564', '891691711120687165'], 'premium_since': None, 'pending': False, 'nick': 'God~', 'mute': False, 'joined_at': '2021-03-26T21:38:33.890000+00:00', 'is_pending': False, 'hoisted_role': '891691711120687165', 'deaf': False, 'avatar': None}, {'user': {'username': 'RadioBot', 'id': '904356855499878480', 'discriminator': '2410', 'bot': True, 'avatar': '87262b8c54ccd95a3b87144a1be585ab'}, 'roles': ['905116680680767550', '897825975985917983'], 'premium_since': None, 'pending': False, 'nick': None, 'mute': False, 'joined_at': '2021-11-02T15:30:32.962421+00:00', 'is_pending': False, 'hoisted_role': '897825975985917983', 'deaf': False, 'avatar': None}], 'afk_channel_id': None, 'icon': '9e59af8e3015902584a19291cc5c0acb', 'application_id': None, 'presences': [], 'embedded_activities': [], 'verification_level': 0, 'guild_scheduled_events': [], 'large': False, 'max_members': 250000, 'roles': [{'unicode_emoji': None, 'position': 0, 'permissions_new': '1071698660929', 'permissions': 104320577, 'name': '@everyone', 'mentionable': False, 'managed': False, 'id': '825120871734706218', 'icon': None, 'hoist': False, 'color': 0}, {'unicode_emoji': None, 'position': 9, 'permissions_new': '0', 'permissions': 0, 'name': 'The cookie monster', 'mentionable': False, 'managed': False, 'id': '851549827120496711', 'icon': None, 'hoist': False, 'color': 16711680}, {'unicode_emoji': None, 'position': 15, 'permissions_new': '8', 'permissions': 8, 'name': 'The Ice Queen', 'mentionable': False, 'managed': False, 'id': '851550011875655680', 'icon': None, 'hoist': False, 'color': 16777215}, {'unicode_emoji': None, 'position': 10, 'permissions_new': '0', 'permissions': 0, 'name': 'The Know It All', 'mentionable': False, 'managed': False, 'id': '851550150090686504', 'icon': None, 'hoist': False, 'color': 9177802}, {'unicode_emoji': None, 'tags': {'bot_id': '736888501026422855'}, 'position': 1, 'permissions_new': '2243292232', 'permissions': 95808584, 'name': 'Tempo', 'mentionable': False, 'managed': True, 'id': '891030222156230687', 'icon': None, 'hoist': False, 'color': 0}, {'unicode_emoji': None, 'position': 13, 'permissions_new': '1071698660929', 'permissions': 104320577, 'name': 'RWB', 'mentionable': False, 'managed': False, 'id': '891691711120687165', 'icon': None, 'hoist': True, 'color': 15277667}, {'unicode_emoji': None, 'tags': {'bot_id': '413909677252935680'}, 'position': 3, 'permissions_new': '321632', 'permissions': 321632, 'name': 'Karu', 'mentionable': False, 'managed': True, 'id': '893567963662266428', 'icon': None, 'hoist': False, 'color': 0}, {'unicode_emoji': None, 'tags': {'bot_id': '572301609305112596'}, 'position': 2, 'permissions_new': '11264', 'permissions': 11264, 'name': 'Dice Maiden', 'mentionable': False, 'managed': True, 'id': '895745329658495039', 'icon': None, 'hoist': False, 'color': 0}, {'unicode_emoji': None, 'position': 5, 'permissions_new': '1071698660929', 'permissions': 104320577, 'name': 'bot', 'mentionable': False, 'managed': False, 'id': '897825975985917983', 'icon': None, 'hoist': True, 'color': 3447003}, {'unicode_emoji': None, 'position': 6, 'permissions_new': '1071698660929', 'permissions': 104320577, 'name': 'Overwatch', 'mentionable': False, 'managed': False, 'id': '902571764687724564', 'icon': None, 'hoist': False, 'color': 15105570}, {'unicode_emoji': None, 'position': 12, 'permissions_new': '1071698660929', 'permissions': 104320577, 'name': 'DnD', 'mentionable': False, 'managed': False, 'id': '903462801111126086', 'icon': None, 'hoist': False, 'color': 1752220}, {'unicode_emoji': None, 'position': 8, 'permissions_new': '1071698660929', 'permissions': 104320577, 'name': 'Vinca', 'mentionable': False, 'managed': False, 'id': '903464082227740802', 'icon': None, 'hoist': False, 'color': 16029951}, {'unicode_emoji': None, 'position': 14, 'permissions_new': '1071967096393', 'permissions': 372756041, 'name': 'Nova Orion', 'mentionable': False, 'managed': False, 'id': '903464470377009222', 'icon': None, 'hoist': False, 'color': 10181046}, {'unicode_emoji': None, 'position': 7, 'permissions_new': '1071698660929', 'permissions': 104320577, 'name': 'Chole', 'mentionable': False, 'managed': False, 'id': '903464721645195287', 'icon': None, 'hoist': False, 'color': 15844367}, {'unicode_emoji': None, 'position': 11, 'permissions_new': '1071698660929', 'permissions': 104320577, 'name': 'DM/GM', 'mentionable': False, 'managed': False, 'id': '903464945826545744', 'icon': None, 'hoist': False, 'color': 1939746}, {'unicode_emoji': None, 'tags': {'bot_id': '903972606145880094'}, 'position': 4, 'permissions_new': '0', 'permissions': 0, 'name': 'DiceRoll-inator 3000', 'mentionable': False, 'managed': True, 'id': '904003335722524705', 'icon': None, 'hoist': False, 'color': 10181046}, {'unicode_emoji': None, 'tags': {'bot_id': '904356855499878480'}, 'position': 1, 'permissions_new': '1610737680', 'permissions': 1610737680, 'name': 'Robo-Librarian', 'mentionable': False, 'managed': True, 'id': '905116680680767550', 'icon': None, 'hoist': False, 'color': 0}], 'joined_at': '2021-11-02T15:30:32.962421+00:00', 'nsfw': False, 'application_command_count': 0, 'stage_instances': [], 'premium_progress_bar_enabled': False, 'banner': None, 'nsfw_level': 0, 'member_count': 10, 'preferred_locale': 'en-US', 'rules_channel_id': None, 'discovery_splash': None, 'emojis': [], 'system_channel_id': '825120872372895826', 'threads': [], 'splash': None, 'vanity_url_code': None, 'unavailable': False, 'premium_subscription_count': 0, 'stickers': [], 'channels': [{'type': 4, 'position': 0, 'permission_overwrites': [], 'name': 'Text Channels', 'id': '825120872372895824'}, {'type': 4, 'position': 0, 'permission_overwrites': [], 'name': 'Voice Channels', 'id': '825120872372895825'}, {'type': 0, 'topic': None, 'rate_limit_per_user': 0, 'position': 1, 'permission_overwrites': [{'type': 'role', 'id': '825120871734706218', 'deny_new': '0', 'deny': 0, 'allow_new': '0', 'allow': 0}, {'type': 'role', 'id': '891030222156230687', 'deny_new': '2048', 'deny': 2048, 'allow_new': '0', 'allow': 0}], 'parent_id': '825120872372895824', 'nsfw': False, 'name': 'general', 'last_message_id': '905528152439291904', 'id': '825120872372895826'}, {'user_limit': 0, 'type': 2, 'rtc_region': None, 'rate_limit_per_user': 0, 'position': 0, 'permission_overwrites': [], 'parent_id': '825120872372895825', 'nsfw': False, 'name': 'General', 'last_message_id': None, 'id': '825120872372895827', 'bitrate': 64000}, {'type': 0, 'topic': None, 'rate_limit_per_user': 0, 'position': 3, 'permission_overwrites': [{'type': 'role', 'id': '825120871734706218', 'deny_new': '0', 'deny': 0, 'allow_new': '0', 'allow': 0}], 'parent_id': '825120872372895824', 'nsfw': False, 'name': 'bot', 'last_message_id': '903699770470711347', 'id': '825131981141835829'}, {'user_limit': 0, 'type': 2, 'rtc_region': None, 'rate_limit_per_user': 0, 'position': 1, 'permission_overwrites': [{'type': 'role', 'id': '825120871734706218', 'deny_new': '1049600', 'deny': 1049600, 'allow_new': '0', 'allow': 0}], 'parent_id': '825120872372895825', 'nsfw': False, 'name': 'music', 'last_message_id': None, 'id': '827276325781635152', 'bitrate': 64000}, {'type': 0, 'topic': None, 'rate_limit_per_user': 0, 'position': 2, 'permission_overwrites': [{'type': 'role', 'id': '825120871734706218', 'deny_new': '1024', 'deny': 1024, 'allow_new': '0', 'allow': 0}], 'parent_id': '825120872372895824', 'nsfw': False, 'name': 'music', 'last_message_id': '852118505133572117', 'id': '827569851308572693'}, {'type': 0, 'topic': None, 'rate_limit_per_user': 0, 'position': 4, 'permission_overwrites': [], 'parent_id': '825120872372895824', 'nsfw': False, 'name': 'tempo', 'last_message_id': '904423273826246677', 'id': '891188218135998474'}, {'type': 0, 'topic': None, 'rate_limit_per_user': 0, 'position': 0, 'permission_overwrites': [], 'parent_id': '825120872372895824', 'nsfw': False, 'name': 'bot-site', 'last_message_id': '900071996870787132', 'id': '895746064664100865'}, {'type': 0, 'topic': None, 'rate_limit_per_user': 0, 'position': 5, 'permission_overwrites': [], 'parent_id': '825120872372895824', 'nsfw': False, 'name': 'rwby-dnd', 'last_pin_timestamp': '2021-10-23T12:37:20+00:00', 'last_message_id': '904391061244350515', 'id': '898293275662884904'}, {'type': 0, 'topic': None, 'rate_limit_per_user': 0, 'position': 7, 'permission_overwrites': [], 'parent_id': '825120872372895824', 'nsfw': False, 'name': 'rwby-weapons', 'last_message_id': '900056235192250419', 'id': '900056128409448508'}, {'type': 0, 'topic': None, 'rate_limit_per_user': 0, 'position': 6, 'permission_overwrites': [], 'parent_id': '825120872372895824', 'nsfw': False, 'name': 'rwby-character', 'last_message_id': '900064921855856651', 'id': '900056486095519785'}, {'type': 0, 'topic': None, 'rate_limit_per_user': 0, 'position': 8, 'permission_overwrites': [{'type': 'role', 'id': '904003335722524705', 'deny_new': '1024', 'deny': 1024, 'allow_new': '0', 'allow': 0}], 'parent_id': '825120872372895824', 'nsfw': False, 'name': 'dnd-roll', 'last_message_id': '904410149643493427', 'id': '902217018391031858'}, {'user_limit': 0, 'type': 2, 'rtc_region': None, 'position': 2, 'permission_overwrites': [], 'parent_id': '825120872372895825', 'nsfw': False, 'name': 'dnd', 'last_message_id': None, 'id': '902217136603295774', 'bitrate': 64000}, {'type': 0, 'topic': None, 'rate_limit_per_user': 0, 'position': 11, 'permission_overwrites': [{'type': 'member', 'id': '824320877851836477', 'deny_new': '0', 'deny': 0, 'allow_new': '1024', 'allow': 1024}, {'type': 'role', 'id': '825120871734706218', 'deny_new': '1024', 'deny': 1024, 'allow_new': '0', 'allow': 0}, {'type': 'role', 'id': '851549827120496711', 'deny_new': '0', 'deny': 0, 'allow_new': '1024', 'allow': 1024}, {'type': 'role', 'id': '895745329658495039', 'deny_new': '0', 'deny': 0, 'allow_new': '1024', 'allow': 1024}], 'parent_id': '825120872372895824', 'nsfw': False, 'name': 'rubys-character', 'last_message_id': '903366599640252416', 'id': '902349475908042784'}, {'type': 0, 'topic': None, 'rate_limit_per_user': 0, 'position': 10, 'permission_overwrites': [], 'parent_id': '825120872372895824', 'nsfw': False, 'name': 'questions-on-rwby-dnd', 'last_message_id': '903359188330237963', 'id': '902608673111687199'}, {'type': 0, 'topic': None, 'rate_limit_per_user': 0, 'position': 9, 'permission_overwrites': [{'type': 'role', 'id': '891030222156230687', 'deny_new': '117760', 'deny': 117760, 'allow_new': '0', 'allow': 0}, {'type': 'role', 'id': '904003335722524705', 'deny_new': '0', 'deny': 0, 'allow_new': '274877983808', 'allow': 76864}], 'parent_id': '825120872372895824', 'nsfw': False, 'name': 'roll-2', 'last_message_id': '904639691784065054', 'id': '904000649958654043'}, {'type': 0, 'topic': None, 'rate_limit_per_user': 0, 'position': 12, 'permission_overwrites': [{'type': 'role', 'id': '825120871734706218', 'deny_new': '1024', 'deny': 1024, 'allow_new': '0', 'allow': 0}, {'type': 'role', 'id': '903464082227740802', 'deny_new': '0', 'deny': 0, 'allow_new': '1024', 'allow': 1024}, {'type': 'role', 'id': '903464470377009222', 'deny_new': '0', 'deny': 0, 'allow_new': '1024', 'allow': 1024}, {'type': 'role', 'id': '851550011875655680', 'deny_new': '0', 'deny': 0, 'allow_new': '1024', 'allow': 1024}], 'parent_id': '825120872372895824', 'nsfw': False, 'name': 'side-campaign', 'last_message_id': '904777129634435092', 'id': '904649530790780939'}, {'type': 0, 'topic': None, 'rate_limit_per_user': 0, 'position': 13, 'permission_overwrites': [], 'parent_id': '825120872372895824', 'nsfw': False, 'name': 'shelf', 'last_message_id': '905539143956852796', 'id': '905116978858033304'}, {'type': 0, 'topic': None, 'rate_limit_per_user': 0, 'position': 14, 'permission_overwrites': [], 'parent_id': '825120872372895824', 'nsfw': False, 'name': 'other-shelf', 'last_message_id': '905162502449557594', 'id': '905118950919114805'}], 'premium_tier': 0, 'id': '825120871734706218', 'lazy': True, 'owner_id': '601451097344704545', 'default_message_notifications': 0, 'application_command_counts': {'3': 0, '2': 0, '1': 0}, 'public_updates_channel_id': None, 'max_video_channel_users': 25, 'explicit_content_filter': 0, 'mfa_level': 0, 'voice_states': [{'user_id': '384729201544134659', 'suppress': False, 'session_id': '8223a4304bef725d439ebacc49a76191', 'self_video': False, 'self_mute': False, 'self_deaf': False, 'request_to_speak_timestamp': None, 'mute': False, 'deaf': False, 'channel_id': '825120872372895827'}, {'user_id': '601451097344704545', 'suppress': False, 'session_id': '1478c5012e7207d5f3e599eaa99e04db', 'self_video': False, 'self_mute': False, 'self_deaf': False, 'request_to_speak_timestamp': None, 'mute': False, 'deaf': False, 'channel_id': '825120872372895827'}]}}
2021-11-03 20:18:18,228:DEBUG:discord.client: Dispatching event socket_response
2021-11-03 20:18:18,230:DEBUG:discord.client: Dispatching event socket_raw_receive
2021-11-03 20:18:18,230:DEBUG:discord.gateway: For Shard ID None: WebSocket Event: {'t': 'GUILD_CREATE', 's': 3, 'op': 0, 'd': {'system_channel_flags': 0, 'guild_hashes': {'version': 1, 'roles': {'omitted': False, 'hash': 'PmPCt6fY034'}, 'metadata': {'omitted': False, 'hash': '+Hch9YK+WTg'}, 'channels': {'omitted': False, 'hash': '+b5lGFsegVE'}}, 'afk_timeout': 300, 'name': 'Radio Bot', 'features': [], 'region': 'europe', 'description': None, 'members': [{'user': {'username': 'RadioBot', 'id': '904356855499878480', 'discriminator': '2410', 'bot': True, 'avatar': '87262b8c54ccd95a3b87144a1be585ab'}, 'roles': ['905053629529088012'], 'mute': False, 'joined_at': '2021-11-02T11:20:00.395000+00:00', 'hoisted_role': None, 'deaf': False}], 'afk_channel_id': None, 'icon': None, 'application_id': None, 'presences': [], 'embedded_activities': [], 'verification_level': 0, 'guild_scheduled_events': [], 'large': False, 'max_members': 250000, 'roles': [{'unicode_emoji': None, 'position': 0, 'permissions_new': '1071698660929', 'permissions': 104320577, 'name': '@everyone', 'mentionable': False, 'managed': False, 'id': '904500307726336010', 'icon': None, 'hoist': False, 'color': 0}, {'unicode_emoji': None, 'tags': {'bot_id': '904356855499878480'}, 'position': 1, 'permissions_new': '1610737680', 'permissions': 1610737680, 'name': 'Robo-Librarian', 'mentionable': False, 'managed': True, 'id': '905053629529088012', 'icon': None, 'hoist': False, 'color': 0}], 'joined_at': '2021-11-02T11:20:00.395000+00:00', 'nsfw': False, 'application_command_count': 0, 'stage_instances': [], 'premium_progress_bar_enabled': False, 'banner': None, 'nsfw_level': 0, 'member_count': 3, 'preferred_locale': 'en-US', 'rules_channel_id': None, 'discovery_splash': None, 'emojis': [], 'system_channel_id': '904500307726336013', 'threads': [], 'splash': None, 'vanity_url_code': None, 'unavailable': False, 'premium_subscription_count': 0, 'stickers': [], 'channels': [{'type': 4, 'position': 0, 'permission_overwrites': [], 'name': 'Text channels', 'id': '904500307726336011'}, {'type': 0, 'topic': None, 'rate_limit_per_user': 0, 'position': 1, 'permission_overwrites': [], 'parent_id': '904500307726336011', 'name': 'control', 'last_pin_timestamp': '2021-11-02T11:15:23+00:00', 'last_message_id': '905538758147977246', 'id': '904500307726336013'}, {'type': 0, 'topic': None, 'rate_limit_per_user': 0, 'position': 2, 'permission_overwrites': [], 'parent_id': '904500307726336011', 'name': 'test_1', 'last_message_id': '905551141838917803', 'id': '905108314520698901'}, {'type': 0, 'topic': None, 'rate_limit_per_user': 0, 'position': 3, 'permission_overwrites': [], 'parent_id': '904500307726336011', 'name': 'test_2', 'last_message_id': '905538653525245992', 'id': '905108340764442675'}, {'type': 0, 'topic': None, 'rate_limit_per_user': 0, 'position': 4, 'permission_overwrites': [], 'parent_id': '904500307726336011', 'name': 'test_3', 'last_message_id': '905538686513459220', 'id': '905108361152966666'}, {'type': 0, 'topic': None, 'rate_limit_per_user': 0, 'position': 5, 'permission_overwrites': [], 'parent_id': '904500307726336011', 'name': 'newchannel', 'last_message_id': '905538719627493436', 'id': '905115973781159957'}, {'type': 0, 'topic': None, 'rate_limit_per_user': 0, 'position': 6, 'permission_overwrites': [], 'parent_id': '904500307726336011', 'name': 'newarea', 'last_message_id': '905155237776613427', 'id': '905122956538159145'}, {'type': 0, 'topic': None, 'rate_limit_per_user': 0, 'position': 0, 'permission_overwrites': [], 'name': 'station', 'last_message_id': '905551107714064445', 'id': '905159283530956843'}], 'premium_tier': 0, 'id': '904500307726336010', 'lazy': True, 'owner_id': '384729201544134659', 'default_message_notifications': 0, 'application_command_counts': {'3': 0, '2': 0, '1': 0}, 'public_updates_channel_id': None, 'max_video_channel_users': 25, 'explicit_content_filter': 0, 'mfa_level': 0, 'voice_states': []}}
2021-11-03 20:18:18,230:DEBUG:discord.client: Dispatching event socket_response
2021-11-03 20:18:18,231:DEBUG:discord.client: Dispatching event guild_available
2021-11-03 20:18:18,231:DEBUG:discord.client: Dispatching event guild_available
2021-11-03 20:18:20,145:DEBUG:discord.client: Dispatching event socket_raw_receive
2021-11-03 20:18:20,145:DEBUG:discord.gateway: For Shard ID None: WebSocket Event: {'t': 'TYPING_START', 's': 4, 'op': 0, 'd': {'user_id': '384729201544134659', 'timestamp': 1635970700, 'member': {'user': {'username': 'U53RNAM3', 'id': '384729201544134659', 'discriminator': '4664', 'avatar': 'd41080a429ffa34fb507eddc60f70081'}, 'roles': [], 'mute': False, 'joined_at': '2021-10-31T22:41:18.173000+00:00', 'hoisted_role': None, 'deaf': False}, 'channel_id': '905159283530956843', 'guild_id': '904500307726336010'}}
2021-11-03 20:18:20,146:DEBUG:discord.client: Dispatching event socket_response
2021-11-03 20:18:20,146:DEBUG:discord.client: Dispatching event typing
2021-11-03 20:18:20,234:DEBUG:discord.client: Dispatching event ready
2021-11-03 20:18:20,235:DEBUG:discord.gateway: Sending "{"op":3,"d":{"game":{"flags":0,"type":2,"name":"?help on 2 servers."},"afk":false,"since":0.0,"status":"online"}}" to change status
2021-11-03 20:18:20,235:DEBUG:discord.client: Dispatching event socket_raw_send
2021-11-03 20:18:25,477:DEBUG:discord.client: Dispatching event socket_raw_receive
2021-11-03 20:18:25,478:DEBUG:discord.gateway: For Shard ID None: WebSocket Event: {'t': 'MESSAGE_CREATE', 's': 5, 'op': 0, 'd': {'type': 0, 'tts': False, 'timestamp': '2021-11-03T20:18:25.420000+00:00', 'referenced_message': None, 'pinned': False, 'nonce': '905551509716992000', 'mentions': [], 'mention_roles': [], 'mention_everyone': False, 'member': {'roles': [], 'mute': False, 'joined_at': '2021-10-31T22:41:18.173000+00:00', 'hoisted_role': None, 'deaf': False}, 'id': '905551514624483368', 'flags': 0, 'embeds': [], 'edited_timestamp': None, 'content': '?addchannel Station', 'components': [], 'channel_id': '905159283530956843', 'author': {'username': 'U53RNAM3', 'public_flags': 0, 'id': '384729201544134659', 'discriminator': '4664', 'avatar': 'd41080a429ffa34fb507eddc60f70081'}, 'attachments': [], 'guild_id': '904500307726336010'}}
2021-11-03 20:18:25,478:DEBUG:discord.client: Dispatching event socket_response
2021-11-03 20:18:25,478:DEBUG:discord.client: Dispatching event message
2021-11-03 20:18:25,479:DEBUG:discord.client: Dispatching event command
2021-11-03 20:18:25,618:DEBUG:discord.client: Dispatching event socket_raw_receive
2021-11-03 20:18:25,619:DEBUG:discord.gateway: For Shard ID None: WebSocket Event: {'t': 'MESSAGE_CREATE', 's': 6, 'op': 0, 'd': {'type': 0, 'tts': False, 'timestamp': '2021-11-03T20:18:25.539000+00:00', 'referenced_message': None, 'pinned': False, 'mentions': [], 'mention_roles': [], 'mention_everyone': False, 'member': {'roles': ['905053629529088012'], 'mute': False, 'joined_at': '2021-11-02T11:20:00.395000+00:00', 'hoisted_role': None, 'deaf': False}, 'id': '905551515123580949', 'flags': 0, 'embeds': [], 'edited_timestamp': None, 'content': '[Adding channel.]', 'components': [], 'channel_id': '905159283530956843', 'author': {'username': 'RadioBot', 'public_flags': 0, 'id': '904356855499878480', 'discriminator': '2410', 'bot': True, 'avatar': '87262b8c54ccd95a3b87144a1be585ab'}, 'attachments': [], 'guild_id': '904500307726336010'}}
2021-11-03 20:18:25,619:DEBUG:discord.client: Dispatching event socket_response
2021-11-03 20:18:25,619:DEBUG:discord.client: Dispatching event message
2021-11-03 20:18:25,661:DEBUG:discord.http: POST https://discord.com/api/v7/channels/905159283530956843/messages with {"content":"[Adding channel.]"} has returned 200
2021-11-03 20:18:25,661:DEBUG:discord.http: POST https://discord.com/api/v7/channels/905159283530956843/messages has received {'id': '905551515123580949', 'type': 0, 'content': '[Adding channel.]', 'channel_id': '905159283530956843', 'author': {'id': '904356855499878480', 'username': 'RadioBot', 'avatar': '87262b8c54ccd95a3b87144a1be585ab', 'discriminator': '2410', 'public_flags': 0, 'bot': True}, 'attachments': [], 'embeds': [], 'mentions': [], 'mention_roles': [], 'pinned': False, 'mention_everyone': False, 'tts': False, 'timestamp': '2021-11-03T20:18:25.539000+00:00', 'edited_timestamp': None, 'flags': 0, 'components': [], 'referenced_message': None}
2021-11-03 20:18:25,662:DEBUG:discord.client: Dispatching event command_completion
2021-11-03 20:18:33,346:DEBUG:discord.client: Dispatching event socket_raw_receive
2021-11-03 20:18:33,347:DEBUG:discord.gateway: For Shard ID None: WebSocket Event: {'t': 'TYPING_START', 's': 7, 'op': 0, 'd': {'user_id': '384729201544134659', 'timestamp': 1635970713, 'member': {'user': {'username': 'U53RNAM3', 'id': '384729201544134659', 'discriminator': '4664', 'avatar': 'd41080a429ffa34fb507eddc60f70081'}, 'roles': [], 'mute': False, 'joined_at': '2021-10-31T22:41:18.173000+00:00', 'hoisted_role': None, 'deaf': False}, 'channel_id': '905108314520698901', 'guild_id': '904500307726336010'}}
2021-11-03 20:18:33,347:DEBUG:discord.client: Dispatching event socket_response
2021-11-03 20:18:33,347:DEBUG:discord.client: Dispatching event typing
2021-11-03 20:18:35,919:DEBUG:discord.client: Dispatching event socket_raw_receive
2021-11-03 20:18:35,919:DEBUG:discord.gateway: For Shard ID None: WebSocket Event: {'t': 'MESSAGE_CREATE', 's': 8, 'op': 0, 'd': {'type': 0, 'tts': False, 'timestamp': '2021-11-03T20:18:35.870000+00:00', 'referenced_message': None, 'pinned': False, 'nonce': '905551553539080192', 'mentions': [], 'mention_roles': [], 'mention_everyone': False, 'member': {'roles': [], 'mute': False, 'joined_at': '2021-10-31T22:41:18.173000+00:00', 'hoisted_role': None, 'deaf': False}, 'id': '905551558454951956', 'flags': 0, 'embeds': [], 'edited_timestamp': None, 'content': '?addchannel one', 'components': [], 'channel_id': '905108314520698901', 'author': {'username': 'U53RNAM3', 'public_flags': 0, 'id': '384729201544134659', 'discriminator': '4664', 'avatar': 'd41080a429ffa34fb507eddc60f70081'}, 'attachments': [], 'guild_id': '904500307726336010'}}
2021-11-03 20:18:35,919:DEBUG:discord.client: Dispatching event socket_response
2021-11-03 20:18:35,920:DEBUG:discord.client: Dispatching event message
2021-11-03 20:18:35,920:DEBUG:discord.client: Dispatching event command
2021-11-03 20:18:36,040:DEBUG:discord.client: Dispatching event socket_raw_receive
2021-11-03 20:18:36,041:DEBUG:discord.gateway: For Shard ID None: WebSocket Event: {'t': 'MESSAGE_CREATE', 's': 9, 'op': 0, 'd': {'type': 0, 'tts': False, 'timestamp': '2021-11-03T20:18:35.989000+00:00', 'referenced_message': None, 'pinned': False, 'mentions': [], 'mention_roles': [], 'mention_everyone': False, 'member': {'roles': ['905053629529088012'], 'mute': False, 'joined_at': '2021-11-02T11:20:00.395000+00:00', 'hoisted_role': None, 'deaf': False}, 'id': '905551558954090566', 'flags': 0, 'embeds': [], 'edited_timestamp': None, 'content': '[Adding channel.]', 'components': [], 'channel_id': '905108314520698901', 'author': {'username': 'RadioBot', 'public_flags': 0, 'id': '904356855499878480', 'discriminator': '2410', 'bot': True, 'avatar': '87262b8c54ccd95a3b87144a1be585ab'}, 'attachments': [], 'guild_id': '904500307726336010'}}
2021-11-03 20:18:36,041:DEBUG:discord.client: Dispatching event socket_response
2021-11-03 20:18:36,041:DEBUG:discord.client: Dispatching event message
2021-11-03 20:18:36,050:DEBUG:discord.http: POST https://discord.com/api/v7/channels/905108314520698901/messages with {"content":"[Adding channel.]"} has returned 200
2021-11-03 20:18:36,050:DEBUG:discord.http: POST https://discord.com/api/v7/channels/905108314520698901/messages has received {'id': '905551558954090566', 'type': 0, 'content': '[Adding channel.]', 'channel_id': '905108314520698901', 'author': {'id': '904356855499878480', 'username': 'RadioBot', 'avatar': '87262b8c54ccd95a3b87144a1be585ab', 'discriminator': '2410', 'public_flags': 0, 'bot': True}, 'attachments': [], 'embeds': [], 'mentions': [], 'mention_roles': [], 'pinned': False, 'mention_everyone': False, 'tts': False, 'timestamp': '2021-11-03T20:18:35.989000+00:00', 'edited_timestamp': None, 'flags': 0, 'components': [], 'referenced_message': None}
2021-11-03 20:18:36,051:DEBUG:discord.client: Dispatching event command_error
2021-11-03 20:18:59,253:DEBUG:discord.gateway: Keeping shard ID None websocket alive with sequence 9.
2021-11-03 20:18:59,338:DEBUG:discord.client: Dispatching event socket_raw_receive
2021-11-03 20:18:59,338:DEBUG:discord.gateway: For Shard ID None: WebSocket Event: {'t': None, 's': None, 'op': 11, 'd': None}
2021-11-03 20:18:59,338:DEBUG:discord.client: Dispatching event socket_response
2021-11-03 20:19:40,505:DEBUG:discord.gateway: Keeping shard ID None websocket alive with sequence 9.
2021-11-03 20:19:40,595:DEBUG:discord.client: Dispatching event socket_raw_receive
2021-11-03 20:19:40,595:DEBUG:discord.gateway: For Shard ID None: WebSocket Event: {'t': None, 's': None, 'op': 11, 'd': None}
2021-11-03 20:19:40,595:DEBUG:discord.client: Dispatching event socket_response
2021-11-03 20:19:44,646:DEBUG:discord.client: Dispatching event socket_raw_receive
2021-11-03 20:19:44,647:DEBUG:discord.gateway: For Shard ID None: WebSocket Event: {'t': 'VOICE_STATE_UPDATE', 's': 10, 'op': 0, 'd': {'member': {'user': {'username': 'U53RNAM3', 'public_flags': 0, 'id': '384729201544134659', 'discriminator': '4664', 'avatar': 'd41080a429ffa34fb507eddc60f70081'}, 'roles': ['903462801111126086', '903464470377009222', '851550150090686504', '902571764687724564', '891691711120687165'], 'premium_since': None, 'pending': False, 'nick': 'God~', 'mute': False, 'joined_at': '2021-03-26T21:38:33.890000+00:00', 'is_pending': False, 'hoisted_role': '891691711120687165', 'deaf': False, 'avatar': None}, 'user_id': '384729201544134659', 'suppress': False, 'session_id': '8223a4304bef725d439ebacc49a76191', 'self_video': False, 'self_mute': False, 'self_deaf': False, 'request_to_speak_timestamp': None, 'mute': False, 'guild_id': '825120871734706218', 'deaf': False, 'channel_id': None}}
2021-11-03 20:19:44,647:DEBUG:discord.client: Dispatching event socket_response
2021-11-03 20:19:44,647:DEBUG:discord.client: Dispatching event voice_state_update
2021-11-03 20:19:46,041:DEBUG:discord.client: Dispatching event socket_raw_receive
2021-11-03 20:19:46,041:DEBUG:discord.gateway: For Shard ID None: WebSocket Event: {'t': 'VOICE_STATE_UPDATE', 's': 11, 'op': 0, 'd': {'member': {'user': {'username': 'DuckurFly', 'id': '601451097344704545', 'discriminator': '8963', 'avatar': '55489e8fc2fc4704747ea4e5f1c760fc'}, 'roles': ['851550011875655680', '903462801111126086', '903464945826545744', '902571764687724564', '891691711120687165'], 'premium_since': None, 'pending': False, 'nick': 'Weiss Schnee', 'mute': False, 'joined_at': '2021-03-26T21:35:45.960000+00:00', 'is_pending': False, 'hoisted_role': '891691711120687165', 'deaf': False, 'avatar': None}, 'user_id': '601451097344704545', 'suppress': False, 'session_id': '1478c5012e7207d5f3e599eaa99e04db', 'self_video': False, 'self_mute': False, 'self_deaf': False, 'request_to_speak_timestamp': None, 'mute': False, 'guild_id': '825120871734706218', 'deaf': False, 'channel_id': None}}
2021-11-03 20:19:46,041:DEBUG:discord.client: Dispatching event socket_response
2021-11-03 20:19:46,042:DEBUG:discord.client: Dispatching event voice_state_update
2021-11-03 20:20:21,759:DEBUG:discord.gateway: Keeping shard ID None websocket alive with sequence 11.
2021-11-03 20:20:21,843:DEBUG:discord.client: Dispatching event socket_raw_receive
2021-11-03 20:20:21,843:DEBUG:discord.gateway: For Shard ID None: WebSocket Event: {'t': None, 's': None, 'op': 11, 'd': None}
2021-11-03 20:20:21,844:DEBUG:discord.client: Dispatching event socket_response
2021-11-03 20:21:03,012:DEBUG:discord.gateway: Keeping shard ID None websocket alive with sequence 11.
2021-11-03 20:21:03,094:DEBUG:discord.client: Dispatching event socket_raw_receive
2021-11-03 20:21:03,095:DEBUG:discord.gateway: For Shard ID None: WebSocket Event: {'t': None, 's': None, 'op': 11, 'd': None}
2021-11-03 20:21:03,095:DEBUG:discord.client: Dispatching event socket_response
2021-11-03 20:21:44,264:DEBUG:discord.gateway: Keeping shard ID None websocket alive with sequence 11.
2021-11-03 20:21:44,347:DEBUG:discord.client: Dispatching event socket_raw_receive
2021-11-03 20:21:44,347:DEBUG:discord.gateway: For Shard ID None: WebSocket Event: {'t': None, 's': None, 'op': 11, 'd': None}
2021-11-03 20:21:44,347:DEBUG:discord.client: Dispatching event socket_response
2021-11-03 20:22:25,515:DEBUG:discord.gateway: Keeping shard ID None websocket alive with sequence 11.
2021-11-03 20:22:25,600:DEBUG:discord.client: Dispatching event socket_raw_receive
2021-11-03 20:22:25,601:DEBUG:discord.gateway: For Shard ID None: WebSocket Event: {'t': None, 's': None, 'op': 11, 'd': None}
2021-11-03 20:22:25,601:DEBUG:discord.client: Dispatching event socket_response
2021-11-03 20:23:06,767:DEBUG:discord.gateway: Keeping shard ID None websocket alive with sequence 11.
2021-11-03 20:23:06,848:DEBUG:discord.client: Dispatching event socket_raw_receive
2021-11-03 20:23:06,848:DEBUG:discord.gateway: For Shard ID None: WebSocket Event: {'t': None, 's': None, 'op': 11, 'd': None}
2021-11-03 20:23:06,848:DEBUG:discord.client: Dispatching event socket_response
2021-11-03 20:23:48,019:DEBUG:discord.gateway: Keeping shard ID None websocket alive with sequence 11.
2021-11-03 20:23:48,102:DEBUG:discord.client: Dispatching event socket_raw_receive
2021-11-03 20:23:48,102:DEBUG:discord.gateway: For Shard ID None: WebSocket Event: {'t': None, 's': None, 'op': 11, 'd': None}
2021-11-03 20:23:48,102:DEBUG:discord.client: Dispatching event socket_response
2021-11-03 20:24:29,272:DEBUG:discord.gateway: Keeping shard ID None websocket alive with sequence 11.
2021-11-03 20:24:29,355:DEBUG:discord.client: Dispatching event socket_raw_receive
2021-11-03 20:24:29,355:DEBUG:discord.gateway: For Shard ID None: WebSocket Event: {'t': None, 's': None, 'op': 11, 'd': None}
2021-11-03 20:24:29,355:DEBUG:discord.client: Dispatching event socket_response
2021-11-03 20:25:10,524:DEBUG:discord.gateway: Keeping shard ID None websocket alive with sequence 11.
2021-11-03 20:25:10,608:DEBUG:discord.client: Dispatching event socket_raw_receive
2021-11-03 20:25:10,608:DEBUG:discord.gateway: For Shard ID None: WebSocket Event: {'t': None, 's': None, 'op': 11, 'd': None}
2021-11-03 20:25:10,608:DEBUG:discord.client: Dispatching event socket_response
2021-11-03 20:25:51,776:DEBUG:discord.gateway: Keeping shard ID None websocket alive with sequence 11.
2021-11-03 20:25:51,856:DEBUG:discord.client: Dispatching event socket_raw_receive
2021-11-03 20:25:51,856:DEBUG:discord.gateway: For Shard ID None: WebSocket Event: {'t': None, 's': None, 'op': 11, 'd': None}
2021-11-03 20:25:51,857:DEBUG:discord.client: Dispatching event socket_response
2021-11-03 20:26:33,028:DEBUG:discord.gateway: Keeping shard ID None websocket alive with sequence 11.
2021-11-03 20:26:33,121:DEBUG:discord.client: Dispatching event socket_raw_receive
2021-11-03 20:26:33,121:DEBUG:discord.gateway: For Shard ID None: WebSocket Event: {'t': None, 's': None, 'op': 11, 'd': None}
2021-11-03 20:26:33,122:DEBUG:discord.client: Dispatching event socket_response
2021-11-03 20:27:14,281:DEBUG:discord.gateway: Keeping shard ID None websocket alive with sequence 11.
2021-11-03 20:27:14,363:DEBUG:discord.client: Dispatching event socket_raw_receive
2021-11-03 20:27:14,363:DEBUG:discord.gateway: For Shard ID None: WebSocket Event: {'t': None, 's': None, 'op': 11, 'd': None}
2021-11-03 20:27:14,363:DEBUG:discord.client: Dispatching event socket_response
2021-11-03 20:27:55,533:DEBUG:discord.gateway: Keeping shard ID None websocket alive with sequence 11.
2021-11-03 20:27:55,621:DEBUG:discord.client: Dispatching event socket_raw_receive
2021-11-03 20:27:55,621:DEBUG:discord.gateway: For Shard ID None: WebSocket Event: {'t': None, 's': None, 'op': 11, 'd': None}
2021-11-03 20:27:55,622:DEBUG:discord.client: Dispatching event socket_response
2021-11-03 20:28:36,785:DEBUG:discord.gateway: Keeping shard ID None websocket alive with sequence 11.
2021-11-03 20:28:36,868:DEBUG:discord.client: Dispatching event socket_raw_receive
2021-11-03 20:28:36,869:DEBUG:discord.gateway: For Shard ID None: WebSocket Event: {'t': None, 's': None, 'op': 11, 'd': None}
2021-11-03 20:28:36,869:DEBUG:discord.client: Dispatching event socket_response
2021-11-03 20:29:18,036:DEBUG:discord.gateway: Keeping shard ID None websocket alive with sequence 11.
2021-11-03 20:29:18,118:DEBUG:discord.client: Dispatching event socket_raw_receive
2021-11-03 20:29:18,119:DEBUG:discord.gateway: For Shard ID None: WebSocket Event: {'t': None, 's': None, 'op': 11, 'd': None}
2021-11-03 20:29:18,119:DEBUG:discord.client: Dispatching event socket_response
2021-11-03 20:29:59,288:DEBUG:discord.gateway: Keeping shard ID None websocket alive with sequence 11.
2021-11-03 20:29:59,368:DEBUG:discord.client: Dispatching event socket_raw_receive
2021-11-03 20:29:59,368:DEBUG:discord.gateway: For Shard ID None: WebSocket Event: {'t': None, 's': None, 'op': 11, 'd': None}
2021-11-03 20:29:59,368:DEBUG:discord.client: Dispatching event socket_response
2021-11-03 20:30:40,539:DEBUG:discord.gateway: Keeping shard ID None websocket alive with sequence 11.
2021-11-03 20:30:40,623:DEBUG:discord.client: Dispatching event socket_raw_receive
2021-11-03 20:30:40,623:DEBUG:discord.gateway: For Shard ID None: WebSocket Event: {'t': None, 's': None, 'op': 11, 'd': None}
2021-11-03 20:30:40,623:DEBUG:discord.client: Dispatching event socket_response
2021-11-03 20:31:21,790:DEBUG:discord.gateway: Keeping shard ID None websocket alive with sequence 11.
2021-11-03 20:31:21,884:DEBUG:discord.client: Dispatching event socket_raw_receive
2021-11-03 20:31:21,884:DEBUG:discord.gateway: For Shard ID None: WebSocket Event: {'t': None, 's': None, 'op': 11, 'd': None}
2021-11-03 20:31:21,884:DEBUG:discord.client: Dispatching event socket_response
2021-11-03 20:32:03,042:DEBUG:discord.gateway: Keeping shard ID None websocket alive with sequence 11.
2021-11-03 20:32:03,128:DEBUG:discord.client: Dispatching event socket_raw_receive
2021-11-03 20:32:03,128:DEBUG:discord.gateway: For Shard ID None: WebSocket Event: {'t': None, 's': None, 'op': 11, 'd': None}
2021-11-03 20:32:03,128:DEBUG:discord.client: Dispatching event socket_response
2021-11-03 20:32:44,293:DEBUG:discord.gateway: Keeping shard ID None websocket alive with sequence 11.
2021-11-03 20:32:44,377:DEBUG:discord.client: Dispatching event socket_raw_receive
2021-11-03 20:32:44,377:DEBUG:discord.gateway: For Shard ID None: WebSocket Event: {'t': None, 's': None, 'op': 11, 'd': None}
2021-11-03 20:32:44,377:DEBUG:discord.client: Dispatching event socket_response
2021-11-03 20:33:25,544:DEBUG:discord.gateway: Keeping shard ID None websocket alive with sequence 11.
2021-11-03 20:33:25,630:DEBUG:discord.client: Dispatching event socket_raw_receive
2021-11-03 20:33:25,630:DEBUG:discord.gateway: For Shard ID None: WebSocket Event: {'t': None, 's': None, 'op': 11, 'd': None}
2021-11-03 20:33:25,631:DEBUG:discord.client: Dispatching event socket_response
2021-11-03 20:34:06,797:DEBUG:discord.gateway: Keeping shard ID None websocket alive with sequence 11.
2021-11-03 20:34:06,882:DEBUG:discord.client: Dispatching event socket_raw_receive
2021-11-03 20:34:06,882:DEBUG:discord.gateway: For Shard ID None: WebSocket Event: {'t': None, 's': None, 'op': 11, 'd': None}
2021-11-03 20:34:06,882:DEBUG:discord.client: Dispatching event socket_response
2021-11-03 20:34:48,048:DEBUG:discord.gateway: Keeping shard ID None websocket alive with sequence 11.
2021-11-03 20:34:48,134:DEBUG:discord.client: Dispatching event socket_raw_receive
2021-11-03 20:34:48,134:DEBUG:discord.gateway: For Shard ID None: WebSocket Event: {'t': None, 's': None, 'op': 11, 'd': None}
2021-11-03 20:34:48,135:DEBUG:discord.client: Dispatching event socket_response
2021-11-03 20:35:29,301:DEBUG:discord.gateway: Keeping shard ID None websocket alive with sequence 11.
2021-11-03 20:35:29,383:DEBUG:discord.client: Dispatching event socket_raw_receive
2021-11-03 20:35:29,384:DEBUG:discord.gateway: For Shard ID None: WebSocket Event: {'t': None, 's': None, 'op': 11, 'd': None}
2021-11-03 20:35:29,384:DEBUG:discord.client: Dispatching event socket_response
2021-11-03 20:36:10,553:DEBUG:discord.gateway: Keeping shard ID None websocket alive with sequence 11.
2021-11-03 20:36:10,634:DEBUG:discord.client: Dispatching event socket_raw_receive
2021-11-03 20:36:10,635:DEBUG:discord.gateway: For Shard ID None: WebSocket Event: {'t': None, 's': None, 'op': 11, 'd': None}
2021-11-03 20:36:10,635:DEBUG:discord.client: Dispatching event socket_response
2021-11-03 20:36:51,804:DEBUG:discord.gateway: Keeping shard ID None websocket alive with sequence 11.
2021-11-03 20:36:51,887:DEBUG:discord.client: Dispatching event socket_raw_receive
2021-11-03 20:36:51,888:DEBUG:discord.gateway: For Shard ID None: WebSocket Event: {'t': None, 's': None, 'op': 11, 'd': None}
2021-11-03 20:36:51,888:DEBUG:discord.client: Dispatching event socket_response
2021-11-03 20:37:33,055:DEBUG:discord.gateway: Keeping shard ID None websocket alive with sequence 11.
2021-11-03 20:37:33,139:DEBUG:discord.client: Dispatching event socket_raw_receive
2021-11-03 20:37:33,140:DEBUG:discord.gateway: For Shard ID None: WebSocket Event: {'t': None, 's': None, 'op': 11, 'd': None}
2021-11-03 20:37:33,140:DEBUG:discord.client: Dispatching event socket_response
2021-11-03 20:38:14,307:DEBUG:discord.gateway: Keeping shard ID None websocket alive with sequence 11.
2021-11-03 20:38:14,393:DEBUG:discord.client: Dispatching event socket_raw_receive
2021-11-03 20:38:14,393:DEBUG:discord.gateway: For Shard ID None: WebSocket Event: {'t': None, 's': None, 'op': 11, 'd': None}
2021-11-03 20:38:14,394:DEBUG:discord.client: Dispatching event socket_response
2021-11-03 20:38:55,558:DEBUG:discord.gateway: Keeping shard ID None websocket alive with sequence 11.
2021-11-03 20:38:55,640:DEBUG:discord.client: Dispatching event socket_raw_receive
2021-11-03 20:38:55,641:DEBUG:discord.gateway: For Shard ID None: WebSocket Event: {'t': None, 's': None, 'op': 11, 'd': None}
2021-11-03 20:38:55,641:DEBUG:discord.client: Dispatching event socket_response
2021-11-03 20:39:36,810:DEBUG:discord.gateway: Keeping shard ID None websocket alive with sequence 11.
2021-11-03 20:39:36,898:DEBUG:discord.client: Dispatching event socket_raw_receive
2021-11-03 20:39:36,899:DEBUG:discord.gateway: For Shard ID None: WebSocket Event: {'t': None, 's': None, 'op': 11, 'd': None}
2021-11-03 20:39:36,899:DEBUG:discord.client: Dispatching event socket_response
2021-11-03 20:40:18,064:DEBUG:discord.gateway: Keeping shard ID None websocket alive with sequence 11.
2021-11-03 20:40:18,152:DEBUG:discord.client: Dispatching event socket_raw_receive
2021-11-03 20:40:18,153:DEBUG:discord.gateway: For Shard ID None: WebSocket Event: {'t': None, 's': None, 'op': 11, 'd': None}
2021-11-03 20:40:18,153:DEBUG:discord.client: Dispatching event socket_response
2021-11-03 20:40:59,318:DEBUG:discord.gateway: Keeping shard ID None websocket alive with sequence 11.
2021-11-03 20:40:59,414:DEBUG:discord.client: Dispatching event socket_raw_receive
2021-11-03 20:40:59,415:DEBUG:discord.gateway: For Shard ID None: WebSocket Event: {'t': None, 's': None, 'op': 11, 'd': None}
2021-11-03 20:40:59,415:DEBUG:discord.client: Dispatching event socket_response
2021-11-03 20:41:40,570:DEBUG:discord.gateway: Keeping shard ID None websocket alive with sequence 11.
2021-11-03 20:41:40,651:DEBUG:discord.client: Dispatching event socket_raw_receive
2021-11-03 20:41:40,651:DEBUG:discord.gateway: For Shard ID None: WebSocket Event: {'t': None, 's': None, 'op': 11, 'd': None}
2021-11-03 20:41:40,651:DEBUG:discord.client: Dispatching event socket_response
2021-11-03 20:42:21,822:DEBUG:discord.gateway: Keeping shard ID None websocket alive with sequence 11.
2021-11-03 20:42:21,908:DEBUG:discord.client: Dispatching event socket_raw_receive
2021-11-03 20:42:21,908:DEBUG:discord.gateway: For Shard ID None: WebSocket Event: {'t': None, 's': None, 'op': 11, 'd': None}
2021-11-03 20:42:21,908:DEBUG:discord.client: Dispatching event socket_response
2021-11-03 20:43:03,074:DEBUG:discord.gateway: Keeping shard ID None websocket alive with sequence 11.
2021-11-03 20:43:03,158:DEBUG:discord.client: Dispatching event socket_raw_receive
2021-11-03 20:43:03,159:DEBUG:discord.gateway: For Shard ID None: WebSocket Event: {'t': None, 's': None, 'op': 11, 'd': None}
2021-11-03 20:43:03,159:DEBUG:discord.client: Dispatching event socket_response
2021-11-03 20:43:44,330:DEBUG:discord.gateway: Keeping shard ID None websocket alive with sequence 11.
2021-11-03 20:43:44,414:DEBUG:discord.client: Dispatching event socket_raw_receive
2021-11-03 20:43:44,414:DEBUG:discord.gateway: For Shard ID None: WebSocket Event: {'t': None, 's': None, 'op': 11, 'd': None}
2021-11-03 20:43:44,414:DEBUG:discord.client: Dispatching event socket_response
2021-11-03 20:44:25,582:DEBUG:discord.gateway: Keeping shard ID None websocket alive with sequence 11.
2021-11-03 20:44:25,668:DEBUG:discord.client: Dispatching event socket_raw_receive
2021-11-03 20:44:25,669:DEBUG:discord.gateway: For Shard ID None: WebSocket Event: {'t': None, 's': None, 'op': 11, 'd': None}
2021-11-03 20:44:25,669:DEBUG:discord.client: Dispatching event socket_response
2021-11-03 20:45:06,834:DEBUG:discord.gateway: Keeping shard ID None websocket alive with sequence 11.
2021-11-03 20:45:06,924:DEBUG:discord.client: Dispatching event socket_raw_receive
2021-11-03 20:45:06,924:DEBUG:discord.gateway: For Shard ID None: WebSocket Event: {'t': None, 's': None, 'op': 11, 'd': None}
2021-11-03 20:45:06,925:DEBUG:discord.client: Dispatching event socket_response
2021-11-03 20:45:48,085:DEBUG:discord.gateway: Keeping shard ID None websocket alive with sequence 11.
2021-11-03 20:45:48,169:DEBUG:discord.client: Dispatching event socket_raw_receive
2021-11-03 20:45:48,169:DEBUG:discord.gateway: For Shard ID None: WebSocket Event: {'t': None, 's': None, 'op': 11, 'd': None}
2021-11-03 20:45:48,169:DEBUG:discord.client: Dispatching event socket_response
2021-11-03 20:46:29,337:DEBUG:discord.gateway: Keeping shard ID None websocket alive with sequence 11.
2021-11-03 20:46:29,423:DEBUG:discord.client: Dispatching event socket_raw_receive
2021-11-03 20:46:29,424:DEBUG:discord.gateway: For Shard ID None: WebSocket Event: {'t': None, 's': None, 'op': 11, 'd': None}
2021-11-03 20:46:29,424:DEBUG:discord.client: Dispatching event socket_response
2021-11-03 20:47:10,588:DEBUG:discord.gateway: Keeping shard ID None websocket alive with sequence 11.
2021-11-03 20:47:10,671:DEBUG:discord.client: Dispatching event socket_raw_receive
2021-11-03 20:47:10,672:DEBUG:discord.gateway: For Shard ID None: WebSocket Event: {'t': None, 's': None, 'op': 11, 'd': None}
2021-11-03 20:47:10,672:DEBUG:discord.client: Dispatching event socket_response
2021-11-03 20:47:51,839:DEBUG:discord.gateway: Keeping shard ID None websocket alive with sequence 11.
2021-11-03 20:47:51,928:DEBUG:discord.client: Dispatching event socket_raw_receive
2021-11-03 20:47:51,928:DEBUG:discord.gateway: For Shard ID None: WebSocket Event: {'t': None, 's': None, 'op': 11, 'd': None}
2021-11-03 20:47:51,928:DEBUG:discord.client: Dispatching event socket_response
2021-11-03 20:48:33,091:DEBUG:discord.gateway: Keeping shard ID None websocket alive with sequence 11.
2021-11-03 20:48:33,178:DEBUG:discord.client: Dispatching event socket_raw_receive
2021-11-03 20:48:33,178:DEBUG:discord.gateway: For Shard ID None: WebSocket Event: {'t': None, 's': None, 'op': 11, 'd': None}
2021-11-03 20:48:33,179:DEBUG:discord.client: Dispatching event socket_response
2021-11-03 20:49:14,342:DEBUG:discord.gateway: Keeping shard ID None websocket alive with sequence 11.
2021-11-03 20:49:14,426:DEBUG:discord.client: Dispatching event socket_raw_receive
2021-11-03 20:49:14,427:DEBUG:discord.gateway: For Shard ID None: WebSocket Event: {'t': None, 's': None, 'op': 11, 'd': None}
2021-11-03 20:49:14,427:DEBUG:discord.client: Dispatching event socket_response
2021-11-03 20:49:55,593:DEBUG:discord.gateway: Keeping shard ID None websocket alive with sequence 11.
2021-11-03 20:49:55,677:DEBUG:discord.client: Dispatching event socket_raw_receive
2021-11-03 20:49:55,678:DEBUG:discord.gateway: For Shard ID None: WebSocket Event: {'t': None, 's': None, 'op': 11, 'd': None}
2021-11-03 20:49:55,678:DEBUG:discord.client: Dispatching event socket_response
2021-11-03 20:50:36,845:DEBUG:discord.gateway: Keeping shard ID None websocket alive with sequence 11.
2021-11-03 20:50:36,928:DEBUG:discord.client: Dispatching event socket_raw_receive
2021-11-03 20:50:36,928:DEBUG:discord.gateway: For Shard ID None: WebSocket Event: {'t': None, 's': None, 'op': 11, 'd': None}
2021-11-03 20:50:36,928:DEBUG:discord.client: Dispatching event socket_response
2021-11-03 20:51:18,096:DEBUG:discord.gateway: Keeping shard ID None websocket alive with sequence 11.
2021-11-03 20:51:18,179:DEBUG:discord.client: Dispatching event socket_raw_receive
2021-11-03 20:51:18,180:DEBUG:discord.gateway: For Shard ID None: WebSocket Event: {'t': None, 's': None, 'op': 11, 'd': None}
2021-11-03 20:51:18,180:DEBUG:discord.client: Dispatching event socket_response
2021-11-03 20:51:59,350:DEBUG:discord.gateway: Keeping shard ID None websocket alive with sequence 11.
2021-11-03 20:51:59,434:DEBUG:discord.client: Dispatching event socket_raw_receive
2021-11-03 20:51:59,435:DEBUG:discord.gateway: For Shard ID None: WebSocket Event: {'t': None, 's': None, 'op': 11, 'd': None}
2021-11-03 20:51:59,435:DEBUG:discord.client: Dispatching event socket_response
2021-11-03 20:52:40,601:DEBUG:discord.gateway: Keeping shard ID None websocket alive with sequence 11.
2021-11-03 20:52:40,695:DEBUG:discord.client: Dispatching event socket_raw_receive
2021-11-03 20:52:40,695:DEBUG:discord.gateway: For Shard ID None: WebSocket Event: {'t': None, 's': None, 'op': 11, 'd': None}
2021-11-03 20:52:40,695:DEBUG:discord.client: Dispatching event socket_response
2021-11-03 20:53:21,853:DEBUG:discord.gateway: Keeping shard ID None websocket alive with sequence 11.
2021-11-03 20:53:21,941:DEBUG:discord.client: Dispatching event socket_raw_receive
2021-11-03 20:53:21,941:DEBUG:discord.gateway: For Shard ID None: WebSocket Event: {'t': None, 's': None, 'op': 11, 'd': None}
2021-11-03 20:53:21,941:DEBUG:discord.client: Dispatching event socket_response
2021-11-03 20:54:03,109:DEBUG:discord.gateway: Keeping shard ID None websocket alive with sequence 11.
2021-11-03 20:54:03,198:DEBUG:discord.client: Dispatching event socket_raw_receive
2021-11-03 20:54:03,199:DEBUG:discord.gateway: For Shard ID None: WebSocket Event: {'t': None, 's': None, 'op': 11, 'd': None}
2021-11-03 20:54:03,199:DEBUG:discord.client: Dispatching event socket_response
2021-11-03 20:54:44,361:DEBUG:discord.gateway: Keeping shard ID None websocket alive with sequence 11.
2021-11-03 20:54:44,446:DEBUG:discord.client: Dispatching event socket_raw_receive
2021-11-03 20:54:44,447:DEBUG:discord.gateway: For Shard ID None: WebSocket Event: {'t': None, 's': None, 'op': 11, 'd': None}
2021-11-03 20:54:44,447:DEBUG:discord.client: Dispatching event socket_response
